<?xml version="1.0" encoding="UTF-8"?>
<testsuite xmlns:xsi="http://www.w3.org/2001/XMLSchema-instance" xsi:noNamespaceSchemaLocation="https://maven.apache.org/surefire/maven-surefire-plugin/xsd/surefire-test-report-3.0.xsd" version="3.0" name="com.bank.payments.controller.PaymentControllerTest" time="1.676" tests="4" errors="0" skipped="0" failures="0">
  <properties>
[...]
</properties>
  <testcase name="shouldReturnAllPayments" classname="com.bank.payments.controller.PaymentControllerTest" time="0.077">
    <system-out><![CDATA[21:30:13.663 [main] INFO org.springframework.test.context.support.AnnotationConfigContextLoaderUtils -- Could not detect default configuration classes for test class [com.bank.payments.controller.PaymentControllerTest]: PaymentControllerTest does not declare any static, non-private, non-final, nested classes annotated with @Configuration.
21:30:13.735 [main] INFO org.springframework.boot.test.context.SpringBootTestContextBootstrapper -- Found @SpringBootConfiguration com.bank.payments.PaymentsApplication for test class com.bank.payments.controller.PaymentControllerTest

  .   ____          _            __ _ _
 /\\ / ___'_ __ _ _(_)_ __  __ _ \ \ \ \
( ( )\___ | '_ | '_| | '_ \/ _` | \ \ \ \
 \\/  ___)| |_)| | | | | || (_| |  ) ) ) )
  '  |____| .__|_| |_|_| |_\__, | / / / /
 =========|_|==============|___/=/_/_/_/
 :: Spring Boot ::                (v3.2.5)

2026-03-03T21:30:13.930-03:00  INFO 56640 --- [           main] c.b.p.controller.PaymentControllerTest   : Starting PaymentControllerTest using Java 17.0.15 with PID 56640 (started by francislin in /Users/francislin/Downloads/ToolsChallenge-Hexagonal-Payments-Complete)
2026-03-03T21:30:13.931-03:00  INFO 56640 --- [           main] c.b.p.controller.PaymentControllerTest   : No active profile set, falling back to 1 default profile: "default"
2026-03-03T21:30:15.037-03:00  INFO 56640 --- [           main] o.s.b.t.m.w.SpringBootMockServletContext : Initializing Spring TestDispatcherServlet ''
2026-03-03T21:30:15.037-03:00  INFO 56640 --- [           main] o.s.t.web.servlet.TestDispatcherServlet  : Initializing Servlet ''
2026-03-03T21:30:15.039-03:00  INFO 56640 --- [           main] o.s.t.web.servlet.TestDispatcherServlet  : Completed initialization in 1 ms
2026-03-03T21:30:15.054-03:00  INFO 56640 --- [           main] c.b.p.controller.PaymentControllerTest   : Started PaymentControllerTest in 1.283 seconds (process running for 1.794)
]]></system-out>
  </testcase>
  <testcase name="shouldCreatePayment" classname="com.bank.payments.controller.PaymentControllerTest" time="0.089"/>
  <testcase name="shouldReturnPaymentById" classname="com.bank.payments.controller.PaymentControllerTest" time="0.004"/>
  <testcase name="shouldRefundPayment" classname="com.bank.payments.controller.PaymentControllerTest" time="0.004"/>
</testsuite>