<?xml version="1.0" encoding="UTF-8"?>
<testsuite xmlns:xsi="http://www.w3.org/2001/XMLSchema-instance" xsi:noNamespaceSchemaLocation="https://maven.apache.org/surefire/maven-surefire-plugin/xsd/surefire-test-report-3.0.xsd" version="3.0" name="com.bank.payments.service.PaymentServiceTest" time="0.089" tests="6" errors="0" skipped="0" failures="0">
  <properties>
[...]
</properties>
  <testcase name="shouldReturnAllPayments" classname="com.bank.payments.service.PaymentServiceTest" time="0.067">
    <system-out><![CDATA[2026-03-03T21:30:15.309-03:00  INFO 56640 --- [           main] com.bank.payments.PaymentService         : Fetching all payments
]]></system-out>
  </testcase>
  <testcase name="shouldCreatePaymentSuccessfully" classname="com.bank.payments.service.PaymentServiceTest" time="0.006">
    <system-out><![CDATA[2026-03-03T21:30:15.317-03:00  INFO 56640 --- [           main] com.bank.payments.PaymentService         : Starting payment creation process
2026-03-03T21:30:15.318-03:00  INFO 56640 --- [           main] c.bank.payments.domain.model.Descricao   : Iniciando criação da Descricao para estabelecimento: Loja Teste
2026-03-03T21:30:15.319-03:00  INFO 56640 --- [           main] c.bank.payments.domain.model.Descricao   : Descricao criada com NSU: 5b9d348abbb6 e Status: AUTORIZADO
2026-03-03T21:30:15.319-03:00  INFO 56640 --- [           main] c.bank.payments.domain.model.Transacao   : Criando transação [id=5d8f9de6-6969-4530-8db8-6d5d663343a4]
2026-03-03T21:30:15.319-03:00  INFO 56640 --- [           main] com.bank.payments.PaymentService         : Payment successfully saved with ID: 5d8f9de6-6969-4530-8db8-6d5d663343a4
]]></system-out>
  </testcase>
  <testcase name="shouldThrowExceptionWhenRefundNotAllowed" classname="com.bank.payments.service.PaymentServiceTest" time="0.004">
    <system-out><![CDATA[2026-03-03T21:30:15.323-03:00  INFO 56640 --- [           main] c.bank.payments.domain.model.Descricao   : Iniciando criação da Descricao para estabelecimento: Loja Teste
2026-03-03T21:30:15.323-03:00  INFO 56640 --- [           main] c.bank.payments.domain.model.Descricao   : Descricao criada com NSU: 8d5ae4416e9b e Status: NEGADO
2026-03-03T21:30:15.323-03:00  INFO 56640 --- [           main] c.bank.payments.domain.model.Transacao   : Criando transação [id=750fde4a-0c79-468c-9659-e93efd205998]
2026-03-03T21:30:15.324-03:00  INFO 56640 --- [           main] com.bank.payments.PaymentService         : Starting refund process for payment ID: 750fde4a-0c79-468c-9659-e93efd205998
2026-03-03T21:30:15.324-03:00  INFO 56640 --- [           main] com.bank.payments.PaymentService         : Fetching payment by ID: 750fde4a-0c79-468c-9659-e93efd205998
2026-03-03T21:30:15.324-03:00  INFO 56640 --- [           main] c.bank.payments.domain.model.Transacao   : Iniciando estorno da transação [id=750fde4a-0c79-468c-9659-e93efd205998]
2026-03-03T21:30:15.324-03:00  WARN 56640 --- [           main] c.bank.payments.domain.model.Transacao   : Estorno não permitido para transação [id=750fde4a-0c79-468c-9659-e93efd205998]. Status atual: NEGADO
]]></system-out>
  </testcase>
  <testcase name="shouldReturnPaymentById" classname="com.bank.payments.service.PaymentServiceTest" time="0.002">
    <system-out><![CDATA[2026-03-03T21:30:15.326-03:00  INFO 56640 --- [           main] com.bank.payments.PaymentService         : Fetching payment by ID: 641cc5fa-8e13-4f0e-991b-60d92e63d473
]]></system-out>
  </testcase>
  <testcase name="shouldThrowExceptionWhenPaymentNotFound" classname="com.bank.payments.service.PaymentServiceTest" time="0.002">
    <system-out><![CDATA[2026-03-03T21:30:15.328-03:00  INFO 56640 --- [           main] com.bank.payments.PaymentService         : Fetching payment by ID: af5d1433-cfb9-45b8-a7c6-85df52110979
2026-03-03T21:30:15.328-03:00 ERROR 56640 --- [           main] com.bank.payments.PaymentService         : Payment not found for ID: af5d1433-cfb9-45b8-a7c6-85df52110979
]]></system-out>
  </testcase>
  <testcase name="shouldRefundSuccessfully" classname="com.bank.payments.service.PaymentServiceTest" time="0.003">
    <system-out><![CDATA[2026-03-03T21:30:15.330-03:00  INFO 56640 --- [           main] c.bank.payments.domain.model.Descricao   : Iniciando criação da Descricao para estabelecimento: Loja Teste
2026-03-03T21:30:15.330-03:00  INFO 56640 --- [           main] c.bank.payments.domain.model.Descricao   : Descricao criada com NSU: 0f884b62c63b e Status: AUTORIZADO
2026-03-03T21:30:15.330-03:00  INFO 56640 --- [           main] c.bank.payments.domain.model.Transacao   : Criando transação [id=207a948c-b1a3-4a73-a209-1b7733b60ef5]
2026-03-03T21:30:15.331-03:00  INFO 56640 --- [           main] com.bank.payments.PaymentService         : Starting refund process for payment ID: 207a948c-b1a3-4a73-a209-1b7733b60ef5
2026-03-03T21:30:15.331-03:00  INFO 56640 --- [           main] com.bank.payments.PaymentService         : Fetching payment by ID: 207a948c-b1a3-4a73-a209-1b7733b60ef5
2026-03-03T21:30:15.331-03:00  INFO 56640 --- [           main] c.bank.payments.domain.model.Transacao   : Iniciando estorno da transação [id=207a948c-b1a3-4a73-a209-1b7733b60ef5]
2026-03-03T21:30:15.331-03:00  INFO 56640 --- [           main] c.bank.payments.domain.model.Transacao   : Transação [id=207a948c-b1a3-4a73-a209-1b7733b60ef5] estornada com sucesso. Novo status: ESTORNADO
2026-03-03T21:30:15.331-03:00  INFO 56640 --- [           main] com.bank.payments.PaymentService         : Refund completed successfully for payment ID: 207a948c-b1a3-4a73-a209-1b7733b60ef5
]]></system-out>
  </testcase>
</testsuite>